<?xml version="1.0" encoding="UTF-8"?>
<!-- Generated by org.testng.reporters.JUnitReportReporter -->
<testsuite hostname="JEET" failures="0" tests="1" name="assertionPrograms.AssertEx3" time="12.064" errors="0" timestamp="2024-06-26T20:35:30 IST" skipped="0">
  <testcase classname="assertionPrograms.AssertEx3" name="test1" time="12.064"/>
  <system-out/>
</testsuite> <!-- assertionPrograms.AssertEx3 -->
