<?xml version="1.0" encoding="UTF-8"?>
<!-- Generated by org.testng.reporters.JUnitReportReporter -->
<testsuite hostname="JEET" failures="0" tests="3" name="testNGAmazon.Test6" time="111.119" errors="0" timestamp="2024-06-23T21:55:38 IST" skipped="0">
  <testcase classname="testNGAmazon.Test6" name="steps" time="43.497"/>
  <system-out/>
  <testcase classname="testNGAmazon.Test6" name="steps" time="39.119"/>
  <system-out/>
  <testcase classname="testNGAmazon.Test6" name="steps" time="28.503"/>
  <system-out/>
</testsuite> <!-- testNGAmazon.Test6 -->
