<?xml version="1.0" encoding="UTF-8"?>
<!-- Generated by org.testng.reporters.JUnitReportReporter -->
<testsuite hostname="JEET" failures="0" tests="8" name="testNGFramework.Assign184_185_186_187" time="0.008" errors="0" timestamp="2024-06-15T16:34:14 IST" skipped="1">
  <testcase classname="testNGFramework.Assign184_185_186_187" name="mul" time="0.002"/>
  <system-out/>
  <testcase classname="testNGFramework.Assign184_185_186_187" name="get" time="0.002"/>
  <system-out/>
  <testcase classname="testNGFramework.Assign184_185_186_187" name="get" time="0.001"/>
  <system-out/>
  <testcase classname="testNGFramework.Assign184_185_186_187" name="add" time="0.001"/>
  <system-out/>
  <testcase classname="testNGFramework.Assign184_185_186_187" name="add" time="0.001"/>
  <system-out/>
  <testcase classname="testNGFramework.Assign184_185_186_187" name="sub" time="0.000"/>
  <system-out/>
  <testcase classname="testNGFramework.Assign184_185_186_187" name="add" time="0.001"/>
  <system-out/>
  <testcase classname="testNGFramework.Assign184_185_186_187" name="div">
    <skipped/>
  </testcase> <!-- div -->
  <system-out/>
</testsuite> <!-- testNGFramework.Assign184_185_186_187 -->
