<?xml version="1.0" encoding="UTF-8"?>
<!-- Generated by org.testng.reporters.JUnitReportReporter -->
<testsuite hostname="JEET" failures="0" tests="1" name="testNGAmazon.practice" time="23.435" errors="0" timestamp="2024-06-23T21:31:27 IST" skipped="0">
  <testcase classname="testNGAmazon.practice" name="steps" time="23.435"/>
  <system-out/>
</testsuite> <!-- testNGAmazon.practice -->
