<?xml version="1.0" encoding="UTF-8"?>
<!-- Generated by org.testng.reporters.JUnitReportReporter -->
<testsuite hostname="JEET" failures="0" tests="1" name="amazon.Test1" time="19.996" errors="0" timestamp="2024-06-18T20:22:06 IST" skipped="0">
  <testcase classname="amazon.Test1" name="steps" time="19.996"/>
  <system-out/>
</testsuite> <!-- amazon.Test1 -->
