<?xml version="1.0" encoding="UTF-8"?>
<!-- Generated by org.testng.reporters.JUnitReportReporter -->
<testsuite hostname="JEET" failures="0" tests="3" name="testNGFramework.AllAnnotations" time="0.010" errors="0" timestamp="2024-06-12T22:30:28 IST" skipped="0">
  <testcase classname="testNGFramework.AllAnnotations" name="test1" time="0.006"/>
  <system-out/>
  <testcase classname="testNGFramework.AllAnnotations" name="test3" time="0.002"/>
  <system-out/>
  <testcase classname="testNGFramework.AllAnnotations" name="test2" time="0.002"/>
  <system-out/>
</testsuite> <!-- testNGFramework.AllAnnotations -->
