<?xml version="1.0" encoding="UTF-8"?>
<!-- Generated by org.testng.reporters.JUnitReportReporter -->
<testsuite hostname="JEET" failures="0" tests="1" name="programs.Prog1" time="6.682" errors="0" timestamp="2024-06-15T15:53:09 IST" skipped="0">
  <testcase classname="programs.Prog1" name="login" time="6.682"/>
  <system-out/>
</testsuite> <!-- programs.Prog1 -->
