<?xml version="1.0" encoding="UTF-8"?>
<!-- Generated by org.testng.reporters.JUnitReportReporter -->
<testsuite hostname="JEET" failures="0" tests="1" name="browsing.ParallelBrowsing" time="8.267" errors="0" timestamp="2024-06-18T23:19:51 IST" skipped="0">
  <testcase classname="browsing.ParallelBrowsing" name="testCase1" time="8.267"/>
  <system-out/>
</testsuite> <!-- browsing.ParallelBrowsing -->
