<?xml version="1.0" encoding="UTF-8"?>
<!-- Generated by org.testng.reporters.JUnitReportReporter -->
<testsuite hostname="JEET" failures="0" tests="1" name="wait.SelectingBrowser" time="8.732" errors="0" timestamp="2024-07-30T23:34:21 IST" skipped="0">
  <testcase classname="wait.SelectingBrowser" name="testCase1" time="8.732"/>
  <system-out/>
</testsuite> <!-- wait.SelectingBrowser -->
