<?xml version="1.0" encoding="UTF-8"?>
<!-- Generated by org.testng.reporters.JUnitReportReporter -->
<testsuite hostname="JEET" failures="0" tests="3" name="testNGAmazon.Test4" time="74.876" errors="0" timestamp="2024-06-23T21:55:38 IST" skipped="0">
  <testcase classname="testNGAmazon.Test4" name="steps" time="25.141"/>
  <system-out/>
  <testcase classname="testNGAmazon.Test4" name="steps" time="24.729"/>
  <system-out/>
  <testcase classname="testNGAmazon.Test4" name="steps" time="25.006"/>
  <system-out/>
</testsuite> <!-- testNGAmazon.Test4 -->
