<?xml version="1.0" encoding="UTF-8"?>
<!-- Generated by org.testng.reporters.JUnitReportReporter -->
<testsuite hostname="JEET" failures="0" tests="1" name="assertionPrograms.AssertEx1" time="0.009" errors="0" timestamp="2024-06-23T18:28:26 IST" skipped="0">
  <testcase classname="assertionPrograms.AssertEx1" name="testClass" time="0.009"/>
  <system-out/>
</testsuite> <!-- assertionPrograms.AssertEx1 -->
