<?xml version="1.0" encoding="UTF-8"?>
<!-- Generated by org.testng.reporters.JUnitReportReporter -->
<testsuite hostname="JEET" failures="0" tests="1" name="timeoutProgram.TimeoutEx" time="5.401" errors="0" timestamp="2024-06-30T15:42:37 IST" skipped="0">
  <testcase classname="timeoutProgram.TimeoutEx" name="login" time="5.401"/>
  <system-out/>
</testsuite> <!-- timeoutProgram.TimeoutEx -->
