<?xml version="1.0" encoding="UTF-8"?>
<!-- Generated by org.testng.reporters.JUnitReportReporter -->
<testsuite hostname="JEET" failures="0" tests="4" name="dataProvider.DataProviderEx" time="0.010" errors="0" timestamp="2024-06-20T23:45:27 IST" skipped="0">
  <testcase classname="dataProvider.DataProviderEx" name="testCase1" time="0.006"/>
  <system-out/>
  <testcase classname="dataProvider.DataProviderEx" name="testCase1" time="0.001"/>
  <system-out/>
  <testcase classname="dataProvider.DataProviderEx" name="testCase1" time="0.002"/>
  <system-out/>
  <testcase classname="dataProvider.DataProviderEx" name="testCase1" time="0.001"/>
  <system-out/>
</testsuite> <!-- dataProvider.DataProviderEx -->
