<?xml version="1.0" encoding="UTF-8"?>
<!-- Generated by org.testng.reporters.JUnitReportReporter -->
<testsuite hostname="JEET" failures="0" tests="1" name="testNGFramework.TestClass" time="0.001" errors="0" timestamp="2024-06-15T16:34:14 IST" skipped="0">
  <testcase classname="testNGFramework.TestClass" name="login" time="0.001"/>
  <system-out/>
</testsuite> <!-- testNGFramework.TestClass -->
