<?xml version="1.0" encoding="UTF-8"?>
<!-- Generated by org.testng.reporters.JUnitReportReporter -->
<testsuite hostname="JEET" failures="0" tests="1" name="assertionPrograms.AssertEx2" time="0.011" errors="0" timestamp="2024-06-24T21:40:11 IST" skipped="0">
  <testcase classname="assertionPrograms.AssertEx2" name="testClass" time="0.011"/>
  <system-out/>
</testsuite> <!-- assertionPrograms.AssertEx2 -->
