<?xml version="1.0" encoding="UTF-8"?>
<!-- Generated by org.testng.reporters.JUnitReportReporter -->
<testsuite hostname="JEET" failures="0" tests="1" name="amazon.Test2" time="39.131" errors="0" timestamp="2024-06-18T20:22:06 IST" skipped="0">
  <testcase classname="amazon.Test2" name="addCart" time="39.131"/>
  <system-out/>
</testsuite> <!-- amazon.Test2 -->
