<?xml version="1.0" encoding="UTF-8"?>
<!-- Generated by org.testng.reporters.JUnitReportReporter -->
<testsuite hostname="JEET" failures="0" tests="3" name="testNGFramework.AllAnnotations181" time="0.011" errors="0" timestamp="2024-06-15T16:34:14 IST" skipped="0">
  <testcase classname="testNGFramework.AllAnnotations181" name="test2" time="0.002"/>
  <system-out/>
  <testcase classname="testNGFramework.AllAnnotations181" name="test1" time="0.005"/>
  <system-out/>
  <testcase classname="testNGFramework.AllAnnotations181" name="test3" time="0.004"/>
  <system-out/>
</testsuite> <!-- testNGFramework.AllAnnotations181 -->
