<?xml version="1.0" encoding="UTF-8"?>
<!-- Generated by org.testng.reporters.JUnitReportReporter -->
<testsuite hostname="JEET" failures="0" tests="1" name="jSExecutor.JavaScriptExe" time="9.238" errors="0" timestamp="2024-07-04T22:28:33 IST" skipped="0">
  <testcase classname="jSExecutor.JavaScriptExe" name="step" time="9.238"/>
  <system-out/>
</testsuite> <!-- jSExecutor.JavaScriptExe -->
