<?xml version="1.0" encoding="UTF-8"?>
<!-- Generated by org.testng.reporters.JUnitReportReporter -->
<testsuite hostname="JEET" failures="0" tests="3" name="testNGAmazon.Test10" time="43.326" errors="0" timestamp="2024-06-23T21:55:38 IST" skipped="0">
  <testcase classname="testNGAmazon.Test10" name="steps" time="13.778"/>
  <system-out/>
  <testcase classname="testNGAmazon.Test10" name="steps" time="14.574"/>
  <system-out/>
  <testcase classname="testNGAmazon.Test10" name="steps" time="14.974"/>
  <system-out/>
</testsuite> <!-- testNGAmazon.Test10 -->
