<?xml version="1.0" encoding="UTF-8"?>
<!-- Generated by org.testng.reporters.JUnitReportReporter -->
<testsuite hostname="JEET" failures="0" tests="1" name="programs.Prog5" time="24.480" errors="0" timestamp="2024-06-15T15:53:09 IST" skipped="0">
  <testcase classname="programs.Prog5" name="logout" time="24.480"/>
  <system-out/>
</testsuite> <!-- programs.Prog5 -->
