<?xml version="1.0" encoding="UTF-8"?>
<!-- Generated by org.testng.reporters.JUnitReportReporter -->
<testsuite hostname="JEET" failures="0" tests="1" name="assertionPrograms.AssertEx4" time="23.301" errors="0" timestamp="2024-06-25T21:47:19 IST" skipped="0">
  <testcase classname="assertionPrograms.AssertEx4" name="test1" time="23.301"/>
  <system-out/>
</testsuite> <!-- assertionPrograms.AssertEx4 -->
