<?xml version="1.0" encoding="UTF-8"?>
<!-- Generated by org.testng.reporters.JUnitReportReporter -->
<testsuite hostname="JEET" failures="0" tests="2" name="groups.Group" time="0.027" errors="0" timestamp="2024-06-20T21:26:47 IST" skipped="0">
  <testcase classname="groups.Group" name="testCase3" time="0.026"/>
  <system-out/>
  <testcase classname="groups.Group" name="testCase5" time="0.001"/>
  <system-out/>
</testsuite> <!-- groups.Group -->
