<?xml version="1.0" encoding="UTF-8"?>
<!-- Generated by org.testng.reporters.JUnitReportReporter -->
<testsuite hostname="JEET" failures="0" tests="6" name="testNGFramework.AnnotationEx" time="0.029" errors="0" timestamp="2024-06-13T22:02:11 IST" skipped="1">
  <testcase classname="testNGFramework.AnnotationEx" name="mul" time="0.020"/>
  <system-out/>
  <testcase classname="testNGFramework.AnnotationEx" name="sub" time="0.004"/>
  <system-out/>
  <testcase classname="testNGFramework.AnnotationEx" name="add" time="0.001"/>
  <system-out/>
  <testcase classname="testNGFramework.AnnotationEx" name="add" time="0.001"/>
  <system-out/>
  <testcase classname="testNGFramework.AnnotationEx" name="add" time="0.003"/>
  <system-out/>
  <testcase classname="testNGFramework.AnnotationEx" name="div">
    <skipped/>
  </testcase> <!-- div -->
  <system-out/>
</testsuite> <!-- testNGFramework.AnnotationEx -->
