<?xml version="1.0" encoding="UTF-8"?>
<!-- Generated by org.testng.reporters.JUnitReportReporter -->
<testsuite hostname="JEET" failures="0" tests="3" name="testNGAmazon.Test3" time="74.449" errors="0" timestamp="2024-06-23T21:55:38 IST" skipped="0">
  <testcase classname="testNGAmazon.Test3" name="steps" time="22.043"/>
  <system-out/>
  <testcase classname="testNGAmazon.Test3" name="steps" time="31.384"/>
  <system-out/>
  <testcase classname="testNGAmazon.Test3" name="steps" time="21.022"/>
  <system-out/>
</testsuite> <!-- testNGAmazon.Test3 -->
